# JRE version: Java(TM) SE Runtime Environment (7.0_79-b15) (build 1.7.0_79-b15)
# Java VM: Java HotSpot(TM) 64-Bit Server VM (24.79-b02 mixed mode windows-amd64 compressed oops)
Heap
 PSYoungGen      total 164352K, used 76952K [0x00000000f5500000, 0x0000000100000000, 0x0000000100000000)
  eden space 153600K, 44% used [0x00000000f5500000,0x00000000f97a5418,0x00000000feb00000)
  from space 10752K, 80% used [0x00000000ff580000,0x00000000ffe00d20,0x0000000100000000)
  to   space 10752K, 0% used [0x00000000feb00000,0x00000000feb00000,0x00000000ff580000)
 ParOldGen       total 86016K, used 16615K [0x00000000e0000000, 0x00000000e5400000, 0x00000000f5500000)
  object space 86016K, 19% used [0x00000000e0000000,0x00000000e1039ff8,0x00000000e5400000)
 PSPermGen       total 40960K, used 40910K [0x00000000dae00000, 0x00000000dd600000, 0x00000000e0000000)
  object space 40960K, 99% used [0x00000000dae00000,0x00000000dd5f3818,0x00000000dd600000)
GC Heap History (10 events):
Event: 4.652 GC heap before
{Heap before GC invocations=6 (full 0):
 PSYoungGen      total 37888K, used 37875K [0x00000000f5500000, 0x00000000fa800000, 0x0000000100000000)
  eden space 32768K, 100% used [0x00000000f5500000,0x00000000f7500000,0x00000000f7500000)
  from space 5120K, 99% used [0x00000000f7500000,0x00000000f79fcca8,0x00000000f7a00000)
  to   space 9728K, 0% used [0x00000000f9e80000,0x00000000f9e80000,0x00000000fa800000)
 ParOldGen       total 86016K, used 10414K [0x00000000e0000000, 0x00000000e5400000, 0x00000000f5500000)
  object space 86016K, 12% used [0x00000000e0000000,0x00000000e0a2b868,0x00000000e5400000)
 PSPermGen       total 21504K, used 21404K [0x00000000dae00000, 0x00000000dc300000, 0x00000000e0000000)
  object space 21504K, 99% used [0x00000000dae00000,0x00000000dc2e7128,0x00000000dc300000)
Event: 4.661 GC heap after
Heap after GC invocations=6 (full 0):
 PSYoungGen      total 75264K, used 7463K [0x00000000f5500000, 0x00000000fa800000, 0x0000000100000000)
  eden space 65536K, 0% used [0x00000000f5500000,0x00000000f5500000,0x00000000f9500000)
  from space 9728K, 76% used [0x00000000f9e80000,0x00000000fa5c9fe8,0x00000000fa800000)
  to   space 9728K, 0% used [0x00000000f9500000,0x00000000f9500000,0x00000000f9e80000)
 ParOldGen       total 86016K, used 10422K [0x00000000e0000000, 0x00000000e5400000, 0x00000000f5500000)
  object space 86016K, 12% used [0x00000000e0000000,0x00000000e0a2d868,0x00000000e5400000)
 PSPermGen       total 21504K, used 21404K [0x00000000dae00000, 0x00000000dc300000, 0x00000000e0000000)
  object space 21504K, 99% used [0x00000000dae00000,0x00000000dc2e7128,0x00000000dc300000)
}
Event: 5.672 GC heap before
{Heap before GC invocations=7 (full 0):
 PSYoungGen      total 75264K, used 72999K [0x00000000f5500000, 0x00000000fa800000, 0x0000000100000000)
  eden space 65536K, 100% used [0x00000000f5500000,0x00000000f9500000,0x00000000f9500000)
  from space 9728K, 76% used [0x00000000f9e80000,0x00000000fa5c9fe8,0x00000000fa800000)
  to   space 9728K, 0% used [0x00000000f9500000,0x00000000f9500000,0x00000000f9e80000)
 ParOldGen       total 86016K, used 10422K [0x00000000e0000000, 0x00000000e5400000, 0x00000000f5500000)
  object space 86016K, 12% used [0x00000000e0000000,0x00000000e0a2d868,0x00000000e5400000)
 PSPermGen       total 25088K, used 24932K [0x00000000dae00000, 0x00000000dc680000, 0x00000000e0000000)
  object space 25088K, 99% used [0x00000000dae00000,0x00000000dc6592c8,0x00000000dc680000)
Event: 5.683 GC heap after
Heap after GC invocations=7 (full 0):
 PSYoungGen      total 75264K, used 5645K [0x00000000f5500000, 0x00000000fe800000, 0x0000000100000000)
  eden space 65536K, 0% used [0x00000000f5500000,0x00000000f5500000,0x00000000f9500000)
  from space 9728K, 58% used [0x00000000f9500000,0x00000000f9a835c0,0x00000000f9e80000)
  to   space 9728K, 0% used [0x00000000fde80000,0x00000000fde80000,0x00000000fe800000)
 ParOldGen       total 86016K, used 13081K [0x00000000e0000000, 0x00000000e5400000, 0x00000000f5500000)
  object space 86016K, 15% used [0x00000000e0000000,0x00000000e0cc6538,0x00000000e5400000)
 PSPermGen       total 25088K, used 24932K [0x00000000dae00000, 0x00000000dc680000, 0x00000000e0000000)
  object space 25088K, 99% used [0x00000000dae00000,0x00000000dc6592c8,0x00000000dc680000)
}
Event: 6.408 GC heap before
{Heap before GC invocations=8 (full 0):
 PSYoungGen      total 75264K, used 71181K [0x00000000f5500000, 0x00000000fe800000, 0x0000000100000000)
  eden space 65536K, 100% used [0x00000000f5500000,0x00000000f9500000,0x00000000f9500000)
  from space 9728K, 58% used [0x00000000f9500000,0x00000000f9a835c0,0x00000000f9e80000)
  to   space 9728K, 0% used [0x00000000fde80000,0x00000000fde80000,0x00000000fe800000)
 ParOldGen       total 86016K, used 13081K [0x00000000e0000000, 0x00000000e5400000, 0x00000000f5500000)
  object space 86016K, 15% used [0x00000000e0000000,0x00000000e0cc6538,0x00000000e5400000)
 PSPermGen       total 27136K, used 26655K [0x00000000dae00000, 0x00000000dc880000, 0x00000000e0000000)
  object space 27136K, 98% used [0x00000000dae00000,0x00000000dc807eb8,0x00000000dc880000)
Event: 6.416 GC heap after
Heap after GC invocations=8 (full 0):
 PSYoungGen      total 140288K, used 2979K [0x00000000f5500000, 0x00000000fe900000, 0x0000000100000000)
  eden space 130560K, 0% used [0x00000000f5500000,0x00000000f5500000,0x00000000fd480000)
  from space 9728K, 30% used [0x00000000fde80000,0x00000000fe168d28,0x00000000fe800000)
  to   space 10240K, 0% used [0x00000000fd480000,0x00000000fd480000,0x00000000fde80000)
 ParOldGen       total 86016K, used 15304K [0x00000000e0000000, 0x00000000e5400000, 0x00000000f5500000)
  object space 86016K, 17% used [0x00000000e0000000,0x00000000e0ef2228,0x00000000e5400000)
 PSPermGen       total 27136K, used 26655K [0x00000000dae00000, 0x00000000dc880000, 0x00000000e0000000)
  object space 27136K, 98% used [0x00000000dae00000,0x00000000dc807eb8,0x00000000dc880000)
}
Event: 7.906 GC heap before
{Heap before GC invocations=9 (full 0):
 PSYoungGen      total 140288K, used 133539K [0x00000000f5500000, 0x00000000fe900000, 0x0000000100000000)
  eden space 130560K, 100% used [0x00000000f5500000,0x00000000fd480000,0x00000000fd480000)
  from space 9728K, 30% used [0x00000000fde80000,0x00000000fe168d28,0x00000000fe800000)
  to   space 10240K, 0% used [0x00000000fd480000,0x00000000fd480000,0x00000000fde80000)
 ParOldGen       total 86016K, used 15304K [0x00000000e0000000, 0x00000000e5400000, 0x00000000f5500000)
  object space 86016K, 17% used [0x00000000e0000000,0x00000000e0ef2228,0x00000000e5400000)
 PSPermGen       total 31744K, used 31723K [0x00000000dae00000, 0x00000000dcd00000, 0x00000000e0000000)
  object space 31744K, 99% used [0x00000000dae00000,0x00000000dccfad10,0x00000000dcd00000)
Event: 7.917 GC heap after
Heap after GC invocations=9 (full 0):
 PSYoungGen      total 140800K, used 8311K [0x00000000f5500000, 0x0000000100000000, 0x0000000100000000)
  eden space 130560K, 0% used [0x00000000f5500000,0x00000000f5500000,0x00000000fd480000)
  from space 10240K, 81% used [0x00000000fd480000,0x00000000fdc9df38,0x00000000fde80000)
  to   space 10752K, 0% used [0x00000000ff580000,0x00000000ff580000,0x0000000100000000)
 ParOldGen       total 86016K, used 15655K [0x00000000e0000000, 0x00000000e5400000, 0x00000000f5500000)
  object space 86016K, 18% used [0x00000000e0000000,0x00000000e0f49ff8,0x00000000e5400000)
 PSPermGen       total 31744K, used 31723K [0x00000000dae00000, 0x00000000dcd00000, 0x00000000e0000000)
  object space 31744K, 99% used [0x00000000dae00000,0x00000000dccfad10,0x00000000dcd00000)
}
Event: 74.893 GC heap before
{Heap before GC invocations=10 (full 0):
 PSYoungGen      total 140800K, used 138871K [0x00000000f5500000, 0x0000000100000000, 0x0000000100000000)
  eden space 130560K, 100% used [0x00000000f5500000,0x00000000fd480000,0x00000000fd480000)
  from space 10240K, 81% used [0x00000000fd480000,0x00000000fdc9df38,0x00000000fde80000)
  to   space 10752K, 0% used [0x00000000ff580000,0x00000000ff580000,0x0000000100000000)
 ParOldGen       total 86016K, used 15655K [0x00000000e0000000, 0x00000000e5400000, 0x00000000f5500000)
  object space 86016K, 18% used [0x00000000e0000000,0x00000000e0f49ff8,0x00000000e5400000)
 PSPermGen       total 35328K, used 34829K [0x00000000dae00000, 0x00000000dd080000, 0x00000000e0000000)
  object space 35328K, 98% used [0x00000000dae00000,0x00000000dd003698,0x00000000dd080000)
Event: 74.907 GC heap after
Heap after GC invocations=10 (full 0):
 PSYoungGen      total 164352K, used 8707K [0x00000000f5500000, 0x0000000100000000, 0x0000000100000000)
  eden space 153600K, 0% used [0x00000000f5500000,0x00000000f5500000,0x00000000feb00000)
  from space 10752K, 80% used [0x00000000ff580000,0x00000000ffe00d20,0x0000000100000000)
  to   space 10752K, 0% used [0x00000000feb00000,0x00000000feb00000,0x00000000ff580000)
 ParOldGen       total 86016K, used 16615K [0x00000000e0000000, 0x00000000e5400000, 0x00000000f5500000)
  object space 86016K, 19% used [0x00000000e0000000,0x00000000e1039ff8,0x00000000e5400000)
 PSPermGen       total 35328K, used 34829K [0x00000000dae00000, 0x00000000dd080000, 0x00000000e0000000)
  object space 35328K, 98% used [0x00000000dae00000,0x00000000dd003698,0x00000000dd080000)
}

